<?xml version="1.0" encoding="UTF-8"?>
<coverage generated="1563198352272" clover="3.2.0">
  <project timestamp="1563198352272" name="All files">
    <metrics statements="26" coveredstatements="26" conditionals="4" coveredconditionals="4" methods="7" coveredmethods="7" elements="37" coveredelements="37" complexity="0" loc="26" ncloc="26" packages="1" files="3" classes="3"/>
    <file name="itinerary.js" path="/Users/nathansaide/cruise-ships/src/itinerary.js">
      <metrics statements="2" coveredstatements="2" conditionals="0" coveredconditionals="0" methods="1" coveredmethods="1"/>
      <line num="2" count="13" type="stmt"/>
      <line num="5" count="2" type="stmt"/>
    </file>
    <file name="port.js" path="/Users/nathansaide/cruise-ships/src/port.js">
      <metrics statements="8" coveredstatements="8" conditionals="2" coveredconditionals="2" methods="3" coveredmethods="3"/>
      <line num="2" count="26" type="stmt"/>
      <line num="3" count="26" type="stmt"/>
      <line num="5" count="3" type="stmt"/>
      <line num="7" count="15" type="stmt"/>
      <line num="11" count="1" type="stmt"/>
      <line num="12" count="2" type="cond" truecount="2" falsecount="0"/>
      <line num="13" count="1" type="stmt"/>
      <line num="19" count="3" type="stmt"/>
    </file>
    <file name="ships.js" path="/Users/nathansaide/cruise-ships/src/ships.js">
      <metrics statements="16" coveredstatements="16" conditionals="2" coveredconditionals="2" methods="3" coveredmethods="3"/>
      <line num="3" count="10" type="stmt"/>
      <line num="4" count="10" type="stmt"/>
      <line num="5" count="10" type="stmt"/>
      <line num="6" count="10" type="stmt"/>
      <line num="8" count="2" type="stmt"/>
      <line num="10" count="4" type="stmt"/>
      <line num="11" count="4" type="stmt"/>
      <line num="13" count="4" type="cond" truecount="2" falsecount="0"/>
      <line num="14" count="1" type="stmt"/>
      <line num="17" count="3" type="stmt"/>
      <line num="18" count="3" type="stmt"/>
      <line num="21" count="2" type="stmt"/>
      <line num="23" count="2" type="stmt"/>
      <line num="25" count="2" type="stmt"/>
      <line num="27" count="2" type="stmt"/>
      <line num="32" count="2" type="stmt"/>
    </file>
  </project>
</coverage>
