TN:
SF:/Users/nathansaide/cruise-ships/src/itinerary.js
FN:1,Itinerary
FNF:1
FNH:1
FNDA:13,Itinerary
DA:2,13
DA:5,2
LF:2
LH:2
BRF:0
BRH:0
end_of_record
TN:
SF:/Users/nathansaide/cruise-ships/src/port.js
FN:1,Port
FN:6,addShip
FN:9,removeShip
FNF:3
FNH:3
FNDA:26,Port
FNDA:15,addShip
FNDA:1,removeShip
DA:2,26
DA:3,26
DA:5,3
DA:7,15
DA:11,1
DA:12,2
DA:13,1
DA:19,3
LF:8
LH:8
BRDA:12,0,0,1
BRDA:12,0,1,1
BRF:2
BRH:2
end_of_record
TN:
SF:/Users/nathansaide/cruise-ships/src/ships.js
FN:2,Ship
FN:9,(anonymous_1)
FN:20,(anonymous_2)
FNF:3
FNH:3
FNDA:10,Ship
FNDA:4,(anonymous_1)
FNDA:2,(anonymous_2)
DA:3,10
DA:4,10
DA:5,10
DA:6,10
DA:8,2
DA:10,4
DA:11,4
DA:13,4
DA:14,1
DA:17,3
DA:18,3
DA:21,2
DA:23,2
DA:25,2
DA:27,2
DA:32,2
LF:16
LH:16
BRDA:13,0,0,1
BRDA:13,0,1,3
BRF:2
BRH:2
end_of_record
