TN:
SF:/Users/nathansaide/cruise-ships/src/itinerary.js
FN:1,Itinerary
FNF:1
FNH:1
FNDA:9,Itinerary
DA:2,9
DA:5,2
LF:2
LH:2
BRF:0
BRH:0
end_of_record
TN:
SF:/Users/nathansaide/cruise-ships/src/port.js
FN:1,Port
FN:6,addShip
FN:9,removeShip
FNF:3
FNH:3
FNDA:17,Port
FNDA:10,addShip
FNDA:1,removeShip
DA:2,17
DA:3,17
DA:5,3
DA:7,10
DA:11,1
DA:12,2
DA:13,1
DA:19,3
LF:8
LH:8
BRDA:12,0,0,1
BRDA:12,0,1,1
BRF:2
BRH:2
end_of_record
TN:
SF:/Users/nathansaide/cruise-ships/src/ships.js
FN:2,Ship
FN:9,(anonymous_1)
FN:13,(anonymous_2)
FNF:3
FNH:3
FNDA:6,Ship
FNDA:3,(anonymous_1)
FNDA:1,(anonymous_2)
DA:3,6
DA:4,6
DA:5,6
DA:6,6
DA:8,2
DA:10,3
DA:11,3
DA:14,1
DA:16,1
DA:18,1
DA:20,1
DA:25,2
LF:12
LH:12
BRF:0
BRH:0
end_of_record
